<?xml version="1.0" encoding="UTF-8"?>
<!-- Generated by org.testng.reporters.JUnitReportReporter -->
<testsuite hostname="DESKTOP-9KFSS2G" failures="0" tests="1" name="testCases.TC_001_AccountRegistrationTest" time="2.439" errors="0" timestamp="2023-11-19T15:10:54 IST" skipped="0">
  <testcase classname="testCases.TC_001_AccountRegistrationTest" name="test_account_Registration" time="2.439"/>
</testsuite> <!-- testCases.TC_001_AccountRegistrationTest -->
